<?xml version="1.0" encoding="UTF-8"?>
<coverage generated="1436866177">
  <project timestamp="1436866177">
    <package name="Prototype\Container">
      <file name="/Applications/MAMP/htdocs/Prototype.Container/src/Component.php">
        <class name="Component" namespace="Prototype\Container" fullPackage="Iono" package="Iono">
          <metrics methods="2" coveredmethods="2" conditionals="0" coveredconditionals="0" statements="6" coveredstatements="6" elements="8" coveredelements="8"/>
        </class>
        <line num="22" type="method" name="__construct" crap="1" count="7"/>
        <line num="24" type="stmt" count="7"/>
        <line num="25" type="stmt" count="7"/>
        <line num="26" type="stmt" count="7"/>
        <line num="32" type="method" name="component" crap="2" count="2"/>
        <line num="34" type="stmt" count="2"/>
        <line num="35" type="stmt" count="2"/>
        <line num="37" type="stmt" count="2"/>
        <metrics loc="39" ncloc="24" classes="1" methods="2" coveredmethods="2" conditionals="0" coveredconditionals="0" statements="6" coveredstatements="6" elements="8" coveredelements="8"/>
      </file>
      <file name="/Applications/MAMP/htdocs/Prototype.Container/src/Container.php">
        <class name="Container" namespace="Prototype\Container" fullPackage="Prototype" package="Prototype">
          <metrics methods="11" coveredmethods="9" conditionals="0" coveredconditionals="0" statements="30" coveredstatements="28" elements="41" coveredelements="37"/>
        </class>
        <line num="30" type="method" name="newInstance" crap="1" count="7"/>
        <line num="32" type="stmt" count="7"/>
        <line num="41" type="method" name="register" crap="2" count="7"/>
        <line num="43" type="stmt" count="7"/>
        <line num="44" type="stmt" count="7"/>
        <line num="45" type="stmt" count="1"/>
        <line num="47" type="stmt" count="7"/>
        <line num="55" type="method" name="singleton" crap="1" count="1"/>
        <line num="57" type="stmt" count="1"/>
        <line num="58" type="stmt" count="1"/>
        <line num="65" type="method" name="setParameters" crap="1" count="2"/>
        <line num="67" type="stmt" count="2"/>
        <line num="68" type="stmt" count="2"/>
        <line num="74" type="method" name="getParameters" crap="2" count="4"/>
        <line num="76" type="stmt" count="4"/>
        <line num="83" type="method" name="getBinding" crap="2" count="7"/>
        <line num="85" type="stmt" count="7"/>
        <line num="92" type="method" name="getShare" crap="2" count="5"/>
        <line num="94" type="stmt" count="5"/>
        <line num="100" type="method" name="flushInstance" crap="2" count="2"/>
        <line num="102" type="stmt" count="2"/>
        <line num="103" type="stmt" count="2"/>
        <line num="104" type="stmt" count="2"/>
        <line num="105" type="stmt" count="2"/>
        <line num="106" type="stmt" count="2"/>
        <line num="107" type="stmt" count="2"/>
        <line num="109" type="stmt" count="1"/>
        <line num="110" type="stmt" count="1"/>
        <line num="111" type="stmt" count="1"/>
        <line num="112" type="stmt" count="1"/>
        <line num="118" type="method" name="addComponent" crap="1" count="2"/>
        <line num="120" type="stmt" count="2"/>
        <line num="121" type="stmt" count="2"/>
        <line num="128" type="method" name="qualifier" crap="3.07" count="2"/>
        <line num="130" type="stmt" count="2"/>
        <line num="131" type="stmt" count="1"/>
        <line num="132" type="stmt" count="1"/>
        <line num="133" type="stmt" count="0"/>
        <line num="135" type="stmt" count="2"/>
        <line num="142" type="method" name="__unset" crap="2" count="0"/>
        <line num="144" type="stmt" count="0"/>
        <metrics loc="146" ncloc="87" classes="1" methods="11" coveredmethods="9" conditionals="0" coveredconditionals="0" statements="30" coveredstatements="28" elements="41" coveredelements="37"/>
      </file>
      <file name="/Applications/MAMP/htdocs/Prototype.Container/src/Resolver.php">
        <class name="Resolver" namespace="Prototype\Container" fullPackage="Prototype" package="Prototype">
          <metrics methods="5" coveredmethods="5" conditionals="0" coveredconditionals="0" statements="34" coveredstatements="34" elements="39" coveredelements="39"/>
        </class>
        <line num="24" type="method" name="__construct" crap="1" count="7"/>
        <line num="26" type="stmt" count="7"/>
        <line num="27" type="stmt" count="7"/>
        <line num="35" type="method" name="makeInstance" crap="1" count="7"/>
        <line num="37" type="stmt" count="7"/>
        <line num="46" type="method" name="resolveInstance" crap="7" count="7"/>
        <line num="48" type="stmt" count="7"/>
        <line num="49" type="stmt" count="7"/>
        <line num="51" type="stmt" count="7"/>
        <line num="52" type="stmt" count="1"/>
        <line num="55" type="stmt" count="6"/>
        <line num="56" type="stmt" count="5"/>
        <line num="60" type="stmt" count="6"/>
        <line num="61" type="stmt" count="6"/>
        <line num="62" type="stmt" count="1"/>
        <line num="64" type="stmt" count="6"/>
        <line num="65" type="stmt" count="1"/>
        <line num="68" type="stmt" count="6"/>
        <line num="70" type="stmt" count="5"/>
        <line num="71" type="stmt" count="1"/>
        <line num="73" type="stmt" count="4"/>
        <line num="82" type="method" name="resolveSingleton" crap="2" count="1"/>
        <line num="84" type="stmt" count="1"/>
        <line num="85" type="stmt" count="1"/>
        <line num="87" type="stmt" count="1"/>
        <line num="96" type="method" name="resolveDependencies" crap="7" count="6"/>
        <line num="98" type="stmt" count="6"/>
        <line num="100" type="stmt" count="6"/>
        <line num="101" type="stmt" count="5"/>
        <line num="102" type="stmt" count="5"/>
        <line num="104" type="stmt" count="5"/>
        <line num="105" type="stmt" count="5"/>
        <line num="108" type="stmt" count="4"/>
        <line num="109" type="stmt" count="2"/>
        <line num="110" type="stmt" count="2"/>
        <line num="113" type="stmt" count="4"/>
        <line num="114" type="stmt" count="3"/>
        <line num="116" type="stmt" count="4"/>
        <line num="119" type="stmt" count="5"/>
        <metrics loc="122" ncloc="88" classes="1" methods="5" coveredmethods="5" conditionals="0" coveredconditionals="0" statements="34" coveredstatements="34" elements="39" coveredelements="39"/>
      </file>
      <file name="/Applications/MAMP/htdocs/Prototype.Container/src/Scope.php">
        <class name="Scope" namespace="Prototype\Container" fullPackage="Prototype" package="Prototype">
          <metrics methods="0" coveredmethods="0" conditionals="0" coveredconditionals="0" statements="0" coveredstatements="0" elements="0" coveredelements="0"/>
        </class>
        <metrics loc="17" ncloc="10" classes="1" methods="0" coveredmethods="0" conditionals="0" coveredconditionals="0" statements="0" coveredstatements="0" elements="0" coveredelements="0"/>
      </file>
    </package>
    <file name="/Applications/MAMP/htdocs/Prototype.Container/src/ContainerInterface.php">
      <metrics loc="57" ncloc="21" classes="0" methods="0" coveredmethods="0" conditionals="0" coveredconditionals="0" statements="0" coveredstatements="0" elements="0" coveredelements="0"/>
    </file>
    <file name="/Applications/MAMP/htdocs/Prototype.Container/src/ContextualInterface.php">
      <metrics loc="23" ncloc="11" classes="0" methods="0" coveredmethods="0" conditionals="0" coveredconditionals="0" statements="0" coveredstatements="0" elements="0" coveredelements="0"/>
    </file>
    <package name="Prototype\Container\Exception">
      <file name="/Applications/MAMP/htdocs/Prototype.Container/src/Exception/InstantiableException.php">
        <class name="InstantiableException" namespace="Prototype\Container\Exception" fullPackage="Prototype" package="Prototype">
          <metrics methods="0" coveredmethods="0" conditionals="0" coveredconditionals="0" statements="0" coveredstatements="0" elements="0" coveredelements="0"/>
        </class>
        <metrics loc="12" ncloc="7" classes="1" methods="0" coveredmethods="0" conditionals="0" coveredconditionals="0" statements="0" coveredstatements="0" elements="0" coveredelements="0"/>
      </file>
    </package>
    <metrics files="7" loc="416" ncloc="248" classes="5" methods="18" coveredmethods="16" conditionals="0" coveredconditionals="0" statements="70" coveredstatements="68" elements="88" coveredelements="84"/>
  </project>
</coverage>
